<?xml version="1.0" encoding="UTF-8"?>
<!-- Generated by org.testng.reporters.JUnitReportReporter -->
<testsuite hostname="LAPTOP-MKHIA1KQ" failures="0" tests="2" name="qaclickacademy.AppiumTest" time="0.004" errors="0" timestamp="18 Jun. 2019 21:39:42 GMT" skipped="0">
  <testcase classname="qaclickacademy.AppiumTest" name="Appium" time="0.004"/>
  <testcase classname="qaclickacademy.AppiumTest" name="Appiummethod" time="0.000"/>
</testsuite> <!-- qaclickacademy.AppiumTest -->
