<?xml version="1.0" encoding="UTF-8"?>
<!-- Generated by org.testng.reporters.JUnitReportReporter -->
<testsuite hostname="LAPTOP-MKHIA1KQ" failures="0" tests="2" name="qaclickacademy.RestApiTest" time="0.005" errors="0" timestamp="18 Jun. 2019 21:39:55 GMT" skipped="0">
  <testcase classname="qaclickacademy.RestApiTest" name="RestApimethod" time="0.000"/>
  <testcase classname="qaclickacademy.RestApiTest" name="RestApi" time="0.005"/>
</testsuite> <!-- qaclickacademy.RestApiTest -->
